iMPACT Version: 13.4

iMPACT log file Started on Fri Feb  3 17:46:23 2012

Welcome to iMPACT
iMPACT Version: 13.4
// *** BATCH CMD : setMode -bs
// *** BATCH CMD : addDevice -p 1 -file"/home/mike/grlib-gpl-1.1.0-b4108/designs/leon3-digilent-xc3s1600e/digilent-xc3s1600e.bit"
'1': Loading file'/home/mike/grlib-gpl-1.1.0-b4108/designs/leon3-digilent-xc3s1600e/digilent-xc3s1600e.bit' ...
done.
INFO:iMPACT:1777 - 
   Reading /opt/Xilinx/13.4/ISE_DS/ISE/spartan3e/data/xc3s1600e.bsd...
INFO:iMPACT:2257 - Startup Clock has been changed to 'JtagClk' in the bitstream   stored in memory,
   but the original bitstream file remains unchanged.
UserID read from the bitstream file = 0xFFFFFFFF.
INFO:iMPACT:501 - '1': Added Device xc3s1600e successfully.
----------------------------------------------------------------------
GUI --- Auto connect to cable...
// *** BATCH CMD : setCable -port auto
INFO:iMPACT - Digilent Plugin: no JTAG device was found.
AutoDetecting cable. Please wait.
PROGRESS_START - Starting Operation.
If you are using the Platform Cable USB, please refer to the USB CableInstallation Guide (UG344) to install the libusb package.
Connecting to cable (Usb Port - USB21).
Checking cable driver.
File version of /opt/Xilinx/13.4/ISE_DS/ISE/bin/lin64/xusbdfwu.hex = 1030.
File version of /etc/hotplug/usb/xusbdfwu.fw/xusbdfwu.hex = 1030.
 WinDriver v10.31 Jungo (c) 1997 - 2011 Build Date: May 24 2011 x86_64 64bit18:13:19.
 Cable PID = 0008.
 Max current requested during enumeration is 74 mA.
Type = 0x0004.
 Cable Type = 3, Revision = 0.
 Setting cable speed to 6 MHz.
Cable connection established.
Firmware version = 1303.
File version of /opt/Xilinx/13.4/ISE_DS/ISE/data/xusb_xlp.hex = 1303.
Firmware hex file version = 1303.
PLD file version = 0012h.
 PLD version = 0012h.
PROGRESS_END - End Operation.
Elapsed time =      0 sec.
Type = 0x0004.
 ESN device is not available for this cable.
INFO:iMPACT - Current time: 2/3/12 5:48 PM
// *** BATCH CMD : ReadStatusRegister -p 1 
INFO:iMPACT:583 - '1': The idcode read from the device does not match the idcode   in the bsdl File.
INFO:iMPACT:1578 - '1':  Device IDCODE :        00001110000111010000010010011000
INFO:iMPACT:1579 - '1': Expected IDCODE:    00000001110000111010000010010011
INFO:iMPACT - Current time: 2/3/12 5:48 PM
// *** BATCH CMD : ReadIdcode -p 1 
INFO:iMPACT:583 - '1': The idcode read from the device does not match the idcode   in the bsdl File.
INFO:iMPACT:1578 - '1':  Device IDCODE :        00001110000111010000010010011000
INFO:iMPACT:1579 - '1': Expected IDCODE:    00000001110000111010000010010011
INFO:iMPACT - Current time: 2/3/12 5:48 PM
// *** BATCH CMD : Verify -p 1 
INFO:iMPACT:583 - '1': The idcode read from the device does not match the idcode   in the bsdl File.
INFO:iMPACT:1578 - '1':  Device IDCODE :        00001110000111010000010010011000
INFO:iMPACT:1579 - '1': Expected IDCODE:    00000001110000111010000010010011
PROGRESS_START - Starting Operation.
PROGRESS_END - End Operation.
Elapsed time =      0 sec.
INFO:iMPACT - Current time: 2/3/12 5:48 PM
// *** BATCH CMD : ReadIdcode -p 1 
INFO:iMPACT:583 - '1': The idcode read from the device does not match the idcode   in the bsdl File.
INFO:iMPACT:1578 - '1':  Device IDCODE :        00001110000111010000010010011000
INFO:iMPACT:1579 - '1': Expected IDCODE:    00000001110000111010000010010011
INFO:iMPACT - Current time: 2/3/12 5:48 PM
// *** BATCH CMD : ReadStatusRegister -p 1 
INFO:iMPACT:583 - '1': The idcode read from the device does not match the idcode   in the bsdl File.
INFO:iMPACT:1578 - '1':  Device IDCODE :        00001110000111010000010010011000
INFO:iMPACT:1579 - '1': Expected IDCODE:    00000001110000111010000010010011
INFO:iMPACT - User_EnvOsname: 'CentOS'
INFO:iMPACT - User_EnvOsrelease: 'CentOS release 6.2 (Final)'
// *** BATCH CMD : setMode -bs
INFO:iMPACT - Launching WebTalk, please refer to the webtalk log at   /home/mike/grlib-gpl-1.1.0-b4108/designs/webtalk.log for details.
INFO:iMPACT - Running wbtc successfully.
// *** BATCH CMD : setMode -bs
// *** BATCH CMD : deleteDevice -position 1
// *** BATCH CMD : setMode -bs
// *** BATCH CMD : setMode -ss
// *** BATCH CMD : setMode -sm
// *** BATCH CMD : setMode -hw140
// *** BATCH CMD : setMode -spi
// *** BATCH CMD : setMode -acecf
// *** BATCH CMD : setMode -acempm
// *** BATCH CMD : setMode -pff
